<?xml version="1.0" encoding="UTF-8"?>
<testng-results skipped="0" failed="0" ignored="0" total="2" passed="2">
  <reporter-output>
  </reporter-output>
  <suite name="OpenCart Test Suite" duration-ms="26969" started-at="2022-01-30T18:26:58 IST" finished-at="2022-01-30T18:27:25 IST">
    <groups>
      <group name="regression">
        <method signature="TC_001_AccountRegistration.test_accout_Registration()[pri:0, instance:testCases.TC_001_AccountRegistration@4d1b0d2a]" name="test_accout_Registration" class="testCases.TC_001_AccountRegistration"/>
      </group> <!-- regression -->
      <group name="sanity">
        <method signature="TC_002_Login.test_Login()[pri:0, instance:testCases.TC_002_Login@306279ee]" name="test_Login" class="testCases.TC_002_Login"/>
      </group> <!-- sanity -->
      <group name="master">
        <method signature="TC_001_AccountRegistration.test_accout_Registration()[pri:0, instance:testCases.TC_001_AccountRegistration@4d1b0d2a]" name="test_accout_Registration" class="testCases.TC_001_AccountRegistration"/>
        <method signature="TC_002_Login.test_Login()[pri:0, instance:testCases.TC_002_Login@306279ee]" name="test_Login" class="testCases.TC_002_Login"/>
      </group> <!-- master -->
    </groups>
    <test name="OpenCart Tests" duration-ms="26969" started-at="2022-01-30T18:26:58 IST" finished-at="2022-01-30T18:27:25 IST">
      <class name="testCases.TC_001_AccountRegistration">
        <test-method status="PASS" signature="setup(java.lang.String)[pri:0, instance:testCases.TC_001_AccountRegistration@4d1b0d2a]" name="setup" is-config="true" duration-ms="5635" started-at="2022-01-30T18:26:58 IST" finished-at="2022-01-30T18:27:04 IST">
          <params>
            <param index="0">
              <value>
                <![CDATA[chrome]]>
              </value>
            </param>
          </params>
          <reporter-output>
          </reporter-output>
        </test-method> <!-- setup -->
        <test-method status="PASS" signature="test_accout_Registration()[pri:0, instance:testCases.TC_001_AccountRegistration@4d1b0d2a]" name="test_accout_Registration" duration-ms="8282" started-at="2022-01-30T18:27:04 IST" finished-at="2022-01-30T18:27:12 IST">
          <reporter-output>
          </reporter-output>
        </test-method> <!-- test_accout_Registration -->
        <test-method status="PASS" signature="tearDown()[pri:0, instance:testCases.TC_001_AccountRegistration@4d1b0d2a]" name="tearDown" is-config="true" duration-ms="740" started-at="2022-01-30T18:27:12 IST" finished-at="2022-01-30T18:27:13 IST">
          <reporter-output>
          </reporter-output>
        </test-method> <!-- tearDown -->
      </class> <!-- testCases.TC_001_AccountRegistration -->
      <class name="testCases.TC_002_Login">
        <test-method status="PASS" signature="setup(java.lang.String)[pri:0, instance:testCases.TC_002_Login@306279ee]" name="setup" is-config="true" duration-ms="2728" started-at="2022-01-30T18:27:13 IST" finished-at="2022-01-30T18:27:16 IST">
          <params>
            <param index="0">
              <value>
                <![CDATA[chrome]]>
              </value>
            </param>
          </params>
          <reporter-output>
          </reporter-output>
        </test-method> <!-- setup -->
        <test-method status="PASS" signature="test_Login()[pri:0, instance:testCases.TC_002_Login@306279ee]" name="test_Login" duration-ms="8202" started-at="2022-01-30T18:27:16 IST" finished-at="2022-01-30T18:27:24 IST">
          <reporter-output>
          </reporter-output>
        </test-method> <!-- test_Login -->
        <test-method status="PASS" signature="tearDown()[pri:0, instance:testCases.TC_002_Login@306279ee]" name="tearDown" is-config="true" duration-ms="687" started-at="2022-01-30T18:27:24 IST" finished-at="2022-01-30T18:27:25 IST">
          <reporter-output>
          </reporter-output>
        </test-method> <!-- tearDown -->
      </class> <!-- testCases.TC_002_Login -->
    </test> <!-- OpenCart Tests -->
  </suite> <!-- OpenCart Test Suite -->
</testng-results>
